[2017-05-24 16:08:33.246] [ERROR] system - [TypeError: Cannot read property 'user' of null]
TypeError: Cannot read property 'user' of null
    at /Users/codingbro/web/Project/fs-blog/web/libs/passport.js:38:23
    at process._tickCallback (internal/process/next_tick.js:103:7)
[2017-05-24 16:09:10.183] [ERROR] system - [TypeError: Cannot read property 'user' of null]
TypeError: Cannot read property 'user' of null
    at /Users/codingbro/web/Project/fs-blog/web/libs/passport.js:38:23
    at process._tickCallback (internal/process/next_tick.js:103:7)
[2017-05-24 16:09:10.408] [ERROR] system - [TypeError: Cannot read property 'user' of null]
TypeError: Cannot read property 'user' of null
    at /Users/codingbro/web/Project/fs-blog/web/libs/passport.js:38:23
    at process._tickCallback (internal/process/next_tick.js:103:7)
[2017-05-24 16:09:10.438] [ERROR] system - [TypeError: Cannot read property 'user' of null]
TypeError: Cannot read property 'user' of null
    at /Users/codingbro/web/Project/fs-blog/web/libs/passport.js:38:23
    at process._tickCallback (internal/process/next_tick.js:103:7)
[2017-05-24 16:09:10.555] [ERROR] system - [TypeError: Cannot read property 'user' of null]
TypeError: Cannot read property 'user' of null
    at /Users/codingbro/web/Project/fs-blog/web/libs/passport.js:38:23
    at process._tickCallback (internal/process/next_tick.js:103:7)
[2017-05-24 16:09:10.598] [ERROR] system - [TypeError: Cannot read property 'user' of null]
TypeError: Cannot read property 'user' of null
    at /Users/codingbro/web/Project/fs-blog/web/libs/passport.js:38:23
    at process._tickCallback (internal/process/next_tick.js:103:7)
[2017-05-24 16:09:10.688] [ERROR] system - [TypeError: Cannot read property 'user' of null]
TypeError: Cannot read property 'user' of null
    at /Users/codingbro/web/Project/fs-blog/web/libs/passport.js:38:23
    at process._tickCallback (internal/process/next_tick.js:103:7)
[2017-05-24 16:09:10.739] [ERROR] system - [TypeError: Cannot read property 'user' of null]
TypeError: Cannot read property 'user' of null
    at /Users/codingbro/web/Project/fs-blog/web/libs/passport.js:38:23
    at process._tickCallback (internal/process/next_tick.js:103:7)
[2017-05-24 16:14:12.078] [ERROR] system - { [Error: Not found!] status: 400 }
Error: Not found!
    at exports.notFound (/Users/codingbro/web/Project/fs-blog/web/controllers/error.js:4:15)
    at Layer.handle [as handle_request] (/Users/codingbro/web/Project/fs-blog/web/node_modules/.4.13.4@express/lib/router/layer.js:95:5)
    at trim_prefix (/Users/codingbro/web/Project/fs-blog/web/node_modules/.4.13.4@express/lib/router/index.js:312:13)
    at /Users/codingbro/web/Project/fs-blog/web/node_modules/.4.13.4@express/lib/router/index.js:280:7
    at Function.process_params (/Users/codingbro/web/Project/fs-blog/web/node_modules/.4.13.4@express/lib/router/index.js:330:12)
    at Immediate.next (/Users/codingbro/web/Project/fs-blog/web/node_modules/.4.13.4@express/lib/router/index.js:271:10)
    at Immediate.<anonymous> (/Users/codingbro/web/Project/fs-blog/web/node_modules/.4.13.4@express/lib/router/index.js:618:15)
    at Immediate.immediate._onImmediate (timers.js:572:18)
    at tryOnImmediate (timers.js:534:15)
    at processImmediate [as _immediateCallback] (timers.js:514:5)
[2017-05-24 16:14:32.384] [ERROR] system - { [Error: Not found!] status: 400 }
Error: Not found!
    at exports.notFound (/Users/codingbro/web/Project/fs-blog/web/controllers/error.js:4:15)
    at Layer.handle [as handle_request] (/Users/codingbro/web/Project/fs-blog/web/node_modules/.4.13.4@express/lib/router/layer.js:95:5)
    at trim_prefix (/Users/codingbro/web/Project/fs-blog/web/node_modules/.4.13.4@express/lib/router/index.js:312:13)
    at /Users/codingbro/web/Project/fs-blog/web/node_modules/.4.13.4@express/lib/router/index.js:280:7
    at Function.process_params (/Users/codingbro/web/Project/fs-blog/web/node_modules/.4.13.4@express/lib/router/index.js:330:12)
    at Immediate.next (/Users/codingbro/web/Project/fs-blog/web/node_modules/.4.13.4@express/lib/router/index.js:271:10)
    at Immediate.<anonymous> (/Users/codingbro/web/Project/fs-blog/web/node_modules/.4.13.4@express/lib/router/index.js:618:15)
    at Immediate.immediate._onImmediate (timers.js:572:18)
    at tryOnImmediate (timers.js:534:15)
    at processImmediate [as _immediateCallback] (timers.js:514:5)
[2017-05-24 16:52:39.038] [ERROR] system - { [Error: Trying to open unclosed connection.] state: 2 }
Error: Trying to open unclosed connection.
    at NativeConnection.Connection.open (/Users/codingbro/web/Project/fs-blog/web/node_modules/.4.9.0@mongoose/lib/connection.js:237:15)
    at Mongoose.connect (/Users/codingbro/web/Project/fs-blog/web/node_modules/.4.9.0@mongoose/lib/index.js:242:47)
    at _connect (/Users/codingbro/web/Project/fs-blog/web/libs/database.js:45:21)
    at process._tickCallback (internal/process/next_tick.js:103:7)
[2017-05-24 16:52:57.732] [ERROR] system - { [Error: Not found!] status: 400 }
Error: Not found!
    at exports.notFound (/Users/codingbro/web/Project/fs-blog/web/controllers/error.js:4:15)
    at Layer.handle [as handle_request] (/Users/codingbro/web/Project/fs-blog/web/node_modules/.4.13.4@express/lib/router/layer.js:95:5)
    at trim_prefix (/Users/codingbro/web/Project/fs-blog/web/node_modules/.4.13.4@express/lib/router/index.js:312:13)
    at /Users/codingbro/web/Project/fs-blog/web/node_modules/.4.13.4@express/lib/router/index.js:280:7
    at Function.process_params (/Users/codingbro/web/Project/fs-blog/web/node_modules/.4.13.4@express/lib/router/index.js:330:12)
    at Immediate.next (/Users/codingbro/web/Project/fs-blog/web/node_modules/.4.13.4@express/lib/router/index.js:271:10)
    at Immediate.<anonymous> (/Users/codingbro/web/Project/fs-blog/web/node_modules/.4.13.4@express/lib/router/index.js:618:15)
    at Immediate.immediate._onImmediate (timers.js:572:18)
    at tryOnImmediate (timers.js:534:15)
    at processImmediate [as _immediateCallback] (timers.js:514:5)
[2017-05-24 17:34:28.819] [ERROR] system - { [Error: Not found!] status: 400 }
Error: Not found!
    at exports.notFound (/Users/codingbro/web/Project/fs-blog/web/controllers/error.js:4:15)
    at Layer.handle [as handle_request] (/Users/codingbro/web/Project/fs-blog/web/node_modules/.4.13.4@express/lib/router/layer.js:95:5)
    at trim_prefix (/Users/codingbro/web/Project/fs-blog/web/node_modules/.4.13.4@express/lib/router/index.js:312:13)
    at /Users/codingbro/web/Project/fs-blog/web/node_modules/.4.13.4@express/lib/router/index.js:280:7
    at Function.process_params (/Users/codingbro/web/Project/fs-blog/web/node_modules/.4.13.4@express/lib/router/index.js:330:12)
    at Immediate.next (/Users/codingbro/web/Project/fs-blog/web/node_modules/.4.13.4@express/lib/router/index.js:271:10)
    at Immediate.<anonymous> (/Users/codingbro/web/Project/fs-blog/web/node_modules/.4.13.4@express/lib/router/index.js:618:15)
    at Immediate.immediate._onImmediate (timers.js:572:18)
    at tryOnImmediate (timers.js:534:15)
    at processImmediate [as _immediateCallback] (timers.js:514:5)
[2017-05-24 17:34:32.218] [ERROR] system - { [Error: Not found!] status: 400 }
Error: Not found!
    at exports.notFound (/Users/codingbro/web/Project/fs-blog/web/controllers/error.js:4:15)
    at Layer.handle [as handle_request] (/Users/codingbro/web/Project/fs-blog/web/node_modules/.4.13.4@express/lib/router/layer.js:95:5)
    at trim_prefix (/Users/codingbro/web/Project/fs-blog/web/node_modules/.4.13.4@express/lib/router/index.js:312:13)
    at /Users/codingbro/web/Project/fs-blog/web/node_modules/.4.13.4@express/lib/router/index.js:280:7
    at Function.process_params (/Users/codingbro/web/Project/fs-blog/web/node_modules/.4.13.4@express/lib/router/index.js:330:12)
    at Immediate.next (/Users/codingbro/web/Project/fs-blog/web/node_modules/.4.13.4@express/lib/router/index.js:271:10)
    at Immediate.<anonymous> (/Users/codingbro/web/Project/fs-blog/web/node_modules/.4.13.4@express/lib/router/index.js:618:15)
    at Immediate.immediate._onImmediate (timers.js:572:18)
    at tryOnImmediate (timers.js:534:15)
    at processImmediate [as _immediateCallback] (timers.js:514:5)
[2017-05-24 17:35:59.943] [ERROR] system - { [Error: Trying to open unclosed connection.] state: 2 }
Error: Trying to open unclosed connection.
    at NativeConnection.Connection.open (/Users/codingbro/web/Project/fs-blog/web/node_modules/.4.9.0@mongoose/lib/connection.js:237:15)
    at Mongoose.connect (/Users/codingbro/web/Project/fs-blog/web/node_modules/.4.9.0@mongoose/lib/index.js:242:47)
    at _connect (/Users/codingbro/web/Project/fs-blog/web/libs/database.js:45:21)
    at process._tickCallback (internal/process/next_tick.js:103:7)
[2017-05-24 17:38:39.861] [ERROR] system - { [Error: Trying to open unclosed connection.] state: 2 }
Error: Trying to open unclosed connection.
    at NativeConnection.Connection.open (/Users/codingbro/web/Project/fs-blog/web/node_modules/.4.9.0@mongoose/lib/connection.js:237:15)
    at Mongoose.connect (/Users/codingbro/web/Project/fs-blog/web/node_modules/.4.9.0@mongoose/lib/index.js:242:47)
    at _connect (/Users/codingbro/web/Project/fs-blog/web/libs/database.js:45:21)
    at process._tickCallback (internal/process/next_tick.js:103:7)
[2017-05-24 17:39:03.252] [ERROR] system - { [Error: Not found!] status: 400 }
Error: Not found!
    at exports.notFound (/Users/codingbro/web/Project/fs-blog/web/controllers/error.js:4:15)
    at Layer.handle [as handle_request] (/Users/codingbro/web/Project/fs-blog/web/node_modules/.4.13.4@express/lib/router/layer.js:95:5)
    at trim_prefix (/Users/codingbro/web/Project/fs-blog/web/node_modules/.4.13.4@express/lib/router/index.js:312:13)
    at /Users/codingbro/web/Project/fs-blog/web/node_modules/.4.13.4@express/lib/router/index.js:280:7
    at Function.process_params (/Users/codingbro/web/Project/fs-blog/web/node_modules/.4.13.4@express/lib/router/index.js:330:12)
    at Immediate.next (/Users/codingbro/web/Project/fs-blog/web/node_modules/.4.13.4@express/lib/router/index.js:271:10)
    at Immediate.<anonymous> (/Users/codingbro/web/Project/fs-blog/web/node_modules/.4.13.4@express/lib/router/index.js:618:15)
    at Immediate.immediate._onImmediate (timers.js:572:18)
    at tryOnImmediate (timers.js:534:15)
    at processImmediate [as _immediateCallback] (timers.js:514:5)
[2017-05-24 17:41:35.248] [ERROR] system - { [Error: Trying to open unclosed connection.] state: 2 }
Error: Trying to open unclosed connection.
    at NativeConnection.Connection.open (/Users/codingbro/web/Project/fs-blog/web/node_modules/.4.9.0@mongoose/lib/connection.js:237:15)
    at Mongoose.connect (/Users/codingbro/web/Project/fs-blog/web/node_modules/.4.9.0@mongoose/lib/index.js:242:47)
    at _connect (/Users/codingbro/web/Project/fs-blog/web/libs/database.js:45:21)
    at process._tickCallback (internal/process/next_tick.js:103:7)
[2017-05-24 17:42:43.019] [ERROR] system - [TypeError: docs.toObject is not a function]
TypeError: docs.toObject is not a function
    at /Users/codingbro/web/Project/fs-blog/web/controllers/timeline.js:12:46
    at process._tickCallback (internal/process/next_tick.js:103:7)
[2017-05-24 17:43:15.951] [ERROR] system - { [Error: Trying to open unclosed connection.] state: 2 }
Error: Trying to open unclosed connection.
    at NativeConnection.Connection.open (/Users/codingbro/web/Project/fs-blog/web/node_modules/.4.9.0@mongoose/lib/connection.js:237:15)
    at Mongoose.connect (/Users/codingbro/web/Project/fs-blog/web/node_modules/.4.9.0@mongoose/lib/index.js:242:47)
    at _connect (/Users/codingbro/web/Project/fs-blog/web/libs/database.js:45:21)
    at process._tickCallback (internal/process/next_tick.js:103:7)
[2017-05-24 18:18:06.722] [ERROR] system - { [Error: Trying to open unclosed connection.] state: 2 }
Error: Trying to open unclosed connection.
    at NativeConnection.Connection.open (/Users/codingbro/web/Project/fs-blog/web/node_modules/.4.9.0@mongoose/lib/connection.js:237:15)
    at Mongoose.connect (/Users/codingbro/web/Project/fs-blog/web/node_modules/.4.9.0@mongoose/lib/index.js:242:47)
    at _connect (/Users/codingbro/web/Project/fs-blog/web/libs/database.js:45:21)
    at process._tickCallback (internal/process/next_tick.js:103:7)
[2017-05-24 19:03:34.500] [ERROR] system - { [Error: Trying to open unclosed connection.] state: 2 }
Error: Trying to open unclosed connection.
    at NativeConnection.Connection.open (/Users/codingbro/web/Project/fs-blog/web/node_modules/.4.9.0@mongoose/lib/connection.js:237:15)
    at Mongoose.connect (/Users/codingbro/web/Project/fs-blog/web/node_modules/.4.9.0@mongoose/lib/index.js:242:47)
    at _connect (/Users/codingbro/web/Project/fs-blog/web/libs/database.js:45:21)
    at process._tickCallback (internal/process/next_tick.js:103:7)
