[2017-05-24 18:00:47.783] [INFO] access - POST /api/v1/article
[2017-05-24 18:00:52.129] [INFO] access - POST /api/v1/article
[2017-05-24 18:01:37.705] [INFO] access - GET /api/v1/timeline?
[2017-05-24 18:01:37.711] [WARN] access - GET /api/v1/user
[2017-05-24 18:03:57.250] [WARN] access - GET /api/v1/user
[2017-05-24 18:03:57.285] [WARN] access - GET /api/v1/timeline?
[2017-05-24 18:04:08.573] [WARN] access - GET /api/v1/user
[2017-05-24 18:04:08.581] [WARN] access - GET /api/v1/timeline?
[2017-05-24 18:04:17.736] [WARN] access - GET /api/v1/user
[2017-05-24 18:04:17.753] [WARN] access - GET /api/v1/timeline?
[2017-05-24 18:05:33.830] [WARN] access - GET /api/v1/user
[2017-05-24 18:05:38.782] [WARN] access - GET /api/v1/user
[2017-05-24 18:05:38.793] [WARN] access - GET /api/v1/timeline?
[2017-05-24 18:05:42.105] [WARN] access - GET /api/v1/timeline?
[2017-05-24 18:05:42.107] [WARN] access - GET /api/v1/user
[2017-05-24 18:05:44.980] [WARN] access - GET /api/v1/timeline?
[2017-05-24 18:05:44.981] [WARN] access - GET /api/v1/user
[2017-05-24 18:05:51.500] [WARN] access - GET /api/v1/timeline?
[2017-05-24 18:05:51.502] [WARN] access - GET /api/v1/user
[2017-05-24 18:06:33.180] [WARN] access - GET /api/v1/timeline?
[2017-05-24 18:06:33.183] [WARN] access - GET /api/v1/user
[2017-05-24 18:06:43.156] [WARN] access - GET /api/v1/user
[2017-05-24 18:06:43.160] [WARN] access - GET /api/v1/timeline?
[2017-05-24 18:07:43.848] [WARN] access - GET /api/v1/timeline?
[2017-05-24 18:07:43.850] [WARN] access - GET /api/v1/user
[2017-05-24 18:07:51.220] [WARN] access - GET /api/v1/user
[2017-05-24 18:07:51.222] [WARN] access - GET /api/v1/timeline?
[2017-05-24 18:09:14.896] [WARN] access - GET /api/v1/timeline?
[2017-05-24 18:09:14.900] [WARN] access - GET /api/v1/user
[2017-05-24 18:09:16.892] [WARN] access - GET /api/v1/user
[2017-05-24 18:09:16.900] [WARN] access - GET /api/v1/timeline?
[2017-05-24 18:09:25.042] [WARN] access - GET /api/v1/user
[2017-05-24 18:09:25.044] [WARN] access - GET /api/v1/timeline?
[2017-05-24 18:10:23.662] [WARN] access - GET /api/v1/timeline?
[2017-05-24 18:10:23.664] [WARN] access - GET /api/v1/user
[2017-05-24 18:10:37.311] [WARN] access - GET /api/v1/user
[2017-05-24 18:10:37.322] [WARN] access - GET /api/v1/timeline?
[2017-05-24 18:11:01.227] [WARN] access - GET /api/v1/timeline?
[2017-05-24 18:11:01.229] [WARN] access - GET /api/v1/user
[2017-05-24 18:11:35.647] [WARN] access - GET /api/v1/user
[2017-05-24 18:11:35.652] [WARN] access - GET /api/v1/timeline?
[2017-05-24 18:11:58.293] [WARN] access - GET /api/v1/user
[2017-05-24 18:11:58.295] [WARN] access - GET /api/v1/timeline?
[2017-05-24 18:12:39.048] [WARN] access - GET /api/v1/timeline?
[2017-05-24 18:12:39.051] [WARN] access - GET /api/v1/user
[2017-05-24 18:12:40.296] [WARN] access - GET /api/v1/user
[2017-05-24 18:12:40.305] [WARN] access - GET /api/v1/timeline?
[2017-05-24 18:13:53.697] [WARN] access - GET /api/v1/user
[2017-05-24 18:13:53.705] [WARN] access - GET /api/v1/timeline?
[2017-05-24 18:14:32.662] [WARN] access - GET /api/v1/timeline?
[2017-05-24 18:14:32.665] [WARN] access - GET /api/v1/user
[2017-05-24 18:14:36.870] [WARN] access - GET /api/v1/timeline?
[2017-05-24 18:14:36.872] [WARN] access - GET /api/v1/user
[2017-05-24 18:14:51.804] [WARN] access - GET /api/v1/timeline?
[2017-05-24 18:14:51.806] [WARN] access - GET /api/v1/user
[2017-05-24 18:15:11.703] [WARN] access - GET /api/v1/timeline?
[2017-05-24 18:15:11.705] [WARN] access - GET /api/v1/user
[2017-05-24 18:16:21.167] [WARN] access - GET /api/v1/timeline?
[2017-05-24 18:16:21.169] [WARN] access - GET /api/v1/user
[2017-05-24 18:17:44.040] [WARN] access - GET /api/v1/user
[2017-05-24 18:17:44.044] [WARN] access - GET /api/v1/timeline?
[2017-05-24 18:18:06.780] [ERROR] access - GET /api/v1/timeline?
[2017-05-24 18:18:06.928] [WARN] access - GET /api/v1/user
[2017-05-24 18:18:14.927] [INFO] access - GET /api/v1/timeline?
[2017-05-24 18:18:14.930] [WARN] access - GET /api/v1/user
[2017-05-24 18:18:43.178] [INFO] access - GET /api/v1/article?
[2017-05-24 18:18:44.315] [WARN] access - GET /api/v1/user
[2017-05-24 18:18:44.370] [WARN] access - GET /api/v1/user
[2017-05-24 18:18:44.407] [WARN] access - GET /api/v1/article?
[2017-05-24 18:18:48.048] [INFO] access - DELETE /api/v1/article/592559cf848feff376257d73
[2017-05-24 18:18:50.154] [INFO] access - DELETE /api/v1/article/59255996b6bbdbf346b7c847
[2017-05-24 18:18:53.328] [INFO] access - DELETE /api/v1/article/5925599ab6bbdbf346b7c848
[2017-05-24 18:18:55.736] [INFO] access - DELETE /api/v1/article/592559d4848feff376257d76
[2017-05-24 18:18:57.933] [WARN] access - GET /api/v1/keyword
[2017-05-24 18:19:15.171] [INFO] access - POST /api/v1/article
[2017-05-24 18:19:20.080] [INFO] access - POST /api/v1/article
[2017-05-24 18:19:23.795] [INFO] access - POST /api/v1/article
[2017-05-24 18:19:25.442] [INFO] access - GET /api/v1/timeline?
[2017-05-24 18:19:25.446] [WARN] access - GET /api/v1/user
[2017-05-24 18:19:28.744] [WARN] access - GET /api/v1/timeline?
[2017-05-24 18:19:28.753] [WARN] access - GET /api/v1/user
[2017-05-24 18:20:22.909] [WARN] access - GET /api/v1/user
[2017-05-24 18:20:23.104] [WARN] access - GET /api/v1/user
[2017-05-24 18:20:23.252] [INFO] access - GET /api/v1/article?
[2017-05-24 18:20:28.345] [INFO] access - DELETE /api/v1/article/59255e2344b6a3f451870fbb
[2017-05-24 18:20:32.898] [INFO] access - DELETE /api/v1/article/59255e2844b6a3f451870fbe
[2017-05-24 18:20:35.027] [INFO] access - DELETE /api/v1/article/59255e2b44b6a3f451870fc0
[2017-05-24 18:20:37.080] [WARN] access - GET /api/v1/keyword
[2017-05-24 18:21:05.249] [INFO] access - POST /api/v1/article
[2017-05-24 18:21:10.275] [INFO] access - POST /api/v1/article
[2017-05-24 18:21:15.564] [INFO] access - POST /api/v1/article
[2017-05-24 18:21:17.601] [INFO] access - GET /api/v1/timeline?
[2017-05-24 18:21:17.656] [WARN] access - GET /api/v1/user
[2017-05-24 18:22:02.299] [WARN] access - GET /api/v1/timeline?
[2017-05-24 18:22:02.303] [WARN] access - GET /api/v1/user
[2017-05-24 18:22:09.957] [WARN] access - GET /api/v1/timeline?
[2017-05-24 18:22:09.960] [WARN] access - GET /api/v1/user
[2017-05-24 18:22:18.518] [WARN] access - GET /api/v1/timeline?
[2017-05-24 18:22:18.521] [WARN] access - GET /api/v1/user
[2017-05-24 18:22:21.773] [WARN] access - GET /api/v1/timeline?
[2017-05-24 18:22:21.775] [WARN] access - GET /api/v1/user
[2017-05-24 18:22:55.911] [WARN] access - GET /api/v1/timeline?
[2017-05-24 18:22:55.913] [WARN] access - GET /api/v1/user
[2017-05-24 18:23:36.356] [WARN] access - GET /api/v1/timeline?
[2017-05-24 18:23:36.358] [WARN] access - GET /api/v1/user
[2017-05-24 18:24:21.626] [WARN] access - GET /api/v1/timeline?
[2017-05-24 18:24:21.635] [WARN] access - GET /api/v1/user
[2017-05-24 18:24:23.444] [WARN] access - GET /api/v1/user
[2017-05-24 18:24:23.446] [WARN] access - GET /api/v1/timeline?
[2017-05-24 18:25:04.262] [WARN] access - GET /api/v1/user
[2017-05-24 18:25:04.265] [WARN] access - GET /api/v1/timeline?
[2017-05-24 18:25:53.106] [WARN] access - GET /api/v1/timeline?
[2017-05-24 18:25:53.110] [WARN] access - GET /api/v1/user
[2017-05-24 18:25:55.860] [WARN] access - GET /api/v1/user
[2017-05-24 18:25:55.862] [WARN] access - GET /api/v1/timeline?
[2017-05-24 18:26:06.058] [WARN] access - GET /api/v1/user
[2017-05-24 18:26:06.063] [WARN] access - GET /api/v1/timeline?
[2017-05-24 18:26:23.004] [WARN] access - GET /api/v1/timeline?
[2017-05-24 18:26:23.009] [WARN] access - GET /api/v1/user
[2017-05-24 18:29:11.000] [WARN] access - GET /api/v1/user
[2017-05-24 18:29:11.005] [WARN] access - GET /api/v1/timeline?
[2017-05-24 18:29:20.720] [WARN] access - GET /api/v1/timeline?
[2017-05-24 18:29:20.721] [WARN] access - GET /api/v1/user
[2017-05-24 18:30:25.164] [WARN] access - GET /api/v1/user
[2017-05-24 18:30:25.169] [WARN] access - GET /api/v1/timeline?
[2017-05-24 18:30:48.076] [WARN] access - GET /api/v1/user
[2017-05-24 18:30:48.078] [WARN] access - GET /api/v1/timeline?
[2017-05-24 18:30:55.805] [WARN] access - GET /api/v1/user
[2017-05-24 18:30:55.808] [WARN] access - GET /api/v1/timeline?
[2017-05-24 18:31:53.043] [WARN] access - GET /api/v1/timeline?
[2017-05-24 18:31:53.045] [WARN] access - GET /api/v1/user
[2017-05-24 18:32:12.915] [WARN] access - GET /api/v1/timeline?
[2017-05-24 18:32:12.917] [WARN] access - GET /api/v1/user
[2017-05-24 18:32:52.813] [WARN] access - GET /api/v1/user
[2017-05-24 18:32:52.815] [WARN] access - GET /api/v1/timeline?
[2017-05-24 18:32:56.400] [WARN] access - GET /api/v1/user
[2017-05-24 18:32:56.401] [WARN] access - GET /api/v1/timeline?
[2017-05-24 18:33:05.422] [WARN] access - GET /api/v1/timeline?
[2017-05-24 18:33:05.424] [WARN] access - GET /api/v1/user
[2017-05-24 18:37:10.606] [WARN] access - GET /api/v1/user
[2017-05-24 18:37:10.608] [WARN] access - GET /api/v1/timeline?
[2017-05-24 18:37:28.844] [WARN] access - GET /api/v1/user
[2017-05-24 18:37:28.860] [WARN] access - GET /api/v1/timeline?
[2017-05-24 18:37:45.336] [WARN] access - GET /api/v1/timeline?
[2017-05-24 18:37:45.337] [WARN] access - GET /api/v1/user
[2017-05-24 18:38:45.955] [WARN] access - GET /api/v1/user
[2017-05-24 18:38:45.962] [WARN] access - GET /api/v1/timeline?
[2017-05-24 18:38:59.418] [WARN] access - GET /api/v1/user
[2017-05-24 18:38:59.425] [WARN] access - GET /api/v1/timeline?
[2017-05-24 18:39:22.066] [WARN] access - GET /api/v1/user
[2017-05-24 18:39:22.067] [WARN] access - GET /api/v1/timeline?
[2017-05-24 18:39:29.305] [WARN] access - GET /api/v1/timeline?
[2017-05-24 18:39:29.306] [WARN] access - GET /api/v1/user
[2017-05-24 18:39:45.430] [WARN] access - GET /api/v1/user
[2017-05-24 18:39:45.431] [WARN] access - GET /api/v1/timeline?
[2017-05-24 18:40:40.707] [WARN] access - GET /api/v1/user
[2017-05-24 18:40:40.714] [WARN] access - GET /api/v1/timeline?
[2017-05-24 18:41:10.427] [WARN] access - GET /api/v1/timeline?
[2017-05-24 18:41:10.429] [WARN] access - GET /api/v1/user
[2017-05-24 18:41:21.034] [WARN] access - GET /api/v1/user
[2017-05-24 18:41:21.036] [WARN] access - GET /api/v1/timeline?
[2017-05-24 18:41:46.504] [WARN] access - GET /api/v1/timeline?
[2017-05-24 18:41:46.505] [WARN] access - GET /api/v1/user
[2017-05-24 18:41:56.374] [WARN] access - GET /api/v1/user
[2017-05-24 18:41:56.381] [WARN] access - GET /api/v1/timeline?
[2017-05-24 18:42:30.057] [WARN] access - GET /api/v1/timeline?
[2017-05-24 18:42:30.059] [WARN] access - GET /api/v1/user
[2017-05-24 18:42:36.967] [WARN] access - GET /api/v1/timeline?
[2017-05-24 18:42:36.968] [WARN] access - GET /api/v1/user
[2017-05-24 18:43:15.465] [WARN] access - GET /api/v1/user
[2017-05-24 18:43:15.466] [WARN] access - GET /api/v1/timeline?
[2017-05-24 18:43:26.684] [WARN] access - GET /api/v1/timeline?
[2017-05-24 18:43:26.689] [WARN] access - GET /api/v1/user
[2017-05-24 18:43:57.982] [WARN] access - GET /api/v1/user
[2017-05-24 18:43:57.985] [WARN] access - GET /api/v1/timeline?
[2017-05-24 18:44:17.531] [WARN] access - GET /api/v1/user
[2017-05-24 18:44:17.538] [WARN] access - GET /api/v1/timeline?
[2017-05-24 18:44:21.744] [WARN] access - GET /api/v1/user
[2017-05-24 18:44:21.750] [WARN] access - GET /api/v1/timeline?
[2017-05-24 18:44:59.286] [WARN] access - GET /api/v1/user
[2017-05-24 18:44:59.295] [WARN] access - GET /api/v1/timeline?
[2017-05-24 18:45:06.224] [WARN] access - GET /api/v1/timeline?
[2017-05-24 18:45:06.226] [WARN] access - GET /api/v1/user
[2017-05-24 18:46:44.910] [WARN] access - GET /api/v1/timeline?
[2017-05-24 18:46:44.911] [WARN] access - GET /api/v1/user
[2017-05-24 18:47:00.118] [WARN] access - GET /api/v1/user
[2017-05-24 18:47:00.135] [WARN] access - GET /api/v1/timeline?
[2017-05-24 18:47:12.626] [WARN] access - GET /api/v1/timeline?
[2017-05-24 18:47:12.628] [WARN] access - GET /api/v1/user
[2017-05-24 18:47:29.399] [WARN] access - GET /api/v1/user
[2017-05-24 18:47:29.400] [WARN] access - GET /api/v1/timeline?
[2017-05-24 18:47:34.616] [WARN] access - GET /api/v1/timeline?
[2017-05-24 18:47:34.619] [WARN] access - GET /api/v1/user
[2017-05-24 18:47:40.529] [WARN] access - GET /api/v1/user
[2017-05-24 18:47:40.533] [WARN] access - GET /api/v1/timeline?
[2017-05-24 18:47:57.720] [WARN] access - GET /api/v1/user
[2017-05-24 18:47:57.725] [WARN] access - GET /api/v1/timeline?
[2017-05-24 18:48:06.832] [WARN] access - GET /api/v1/user
[2017-05-24 18:48:06.834] [WARN] access - GET /api/v1/timeline?
[2017-05-24 18:48:16.185] [WARN] access - GET /api/v1/timeline?
[2017-05-24 18:48:16.188] [WARN] access - GET /api/v1/user
[2017-05-24 18:49:35.161] [WARN] access - GET /api/v1/user
[2017-05-24 18:49:35.164] [WARN] access - GET /api/v1/timeline?
[2017-05-24 18:49:52.744] [WARN] access - GET /api/v1/user
[2017-05-24 18:49:52.746] [WARN] access - GET /api/v1/timeline?
[2017-05-24 18:50:00.950] [WARN] access - GET /api/v1/user
[2017-05-24 18:50:00.952] [WARN] access - GET /api/v1/timeline?
[2017-05-24 18:50:15.483] [WARN] access - GET /api/v1/user
[2017-05-24 18:50:15.490] [WARN] access - GET /api/v1/timeline?
[2017-05-24 18:50:21.664] [WARN] access - GET /api/v1/user
[2017-05-24 18:50:21.674] [WARN] access - GET /api/v1/timeline?
[2017-05-24 18:51:16.202] [WARN] access - GET /api/v1/user
[2017-05-24 18:51:16.222] [WARN] access - GET /api/v1/timeline?
[2017-05-24 18:51:59.293] [WARN] access - GET /api/v1/timeline?
[2017-05-24 18:51:59.295] [WARN] access - GET /api/v1/user
[2017-05-24 18:54:54.592] [WARN] access - GET /api/v1/user
[2017-05-24 18:54:54.594] [WARN] access - GET /api/v1/timeline?
[2017-05-24 18:55:31.576] [WARN] access - GET /api/v1/user
[2017-05-24 18:55:31.577] [WARN] access - GET /api/v1/timeline?
[2017-05-24 18:55:34.532] [WARN] access - GET /api/v1/user
[2017-05-24 18:55:34.537] [WARN] access - GET /api/v1/timeline?
[2017-05-24 18:55:54.970] [WARN] access - GET /api/v1/user
[2017-05-24 18:55:54.976] [WARN] access - GET /api/v1/timeline?
[2017-05-24 18:55:58.107] [WARN] access - GET /api/v1/user
[2017-05-24 18:55:58.109] [WARN] access - GET /api/v1/timeline?
[2017-05-24 18:56:07.676] [WARN] access - GET /api/v1/timeline?
[2017-05-24 18:56:07.677] [WARN] access - GET /api/v1/user
