[2017-05-24 16:08:33.662] [WARN] access - GET /api/v1/article?
[2017-05-24 16:08:44.816] [ERROR] access - POST /api/v1/login
[2017-05-24 16:08:52.879] [ERROR] access - POST /api/v1/login
[2017-05-24 16:09:10.206] [WARN] access - GET /api/v1/article?
[2017-05-24 16:09:10.414] [ERROR] access - GET /api/v1/user
[2017-05-24 16:09:10.423] [WARN] access - GET /api/v1/article?
[2017-05-24 16:09:10.442] [ERROR] access - GET /api/v1/user
[2017-05-24 16:09:10.570] [WARN] access - GET /api/v1/article?
[2017-05-24 16:09:10.723] [WARN] access - GET /api/v1/article?
[2017-05-24 16:09:10.744] [ERROR] access - GET /api/v1/user
[2017-05-24 16:09:24.758] [INFO] access - POST /api/v1/login
[2017-05-24 16:09:24.833] [WARN] access - GET /api/v1/user
[2017-05-24 16:09:24.931] [WARN] access - GET /api/v1/user
[2017-05-24 16:09:24.987] [WARN] access - GET /api/v1/article?
[2017-05-24 16:09:30.764] [WARN] access - GET /api/v1/user
[2017-05-24 16:09:30.779] [WARN] access - GET /api/v1/article?
[2017-05-24 16:09:30.806] [WARN] access - GET /api/v1/user
[2017-05-24 16:10:40.506] [WARN] access - GET /api/v1/user
[2017-05-24 16:10:46.181] [WARN] access - GET /api/v1/user
[2017-05-24 16:10:47.155] [WARN] access - GET /api/v1/user
[2017-05-24 16:10:52.142] [WARN] access - GET /api/v1/user
[2017-05-24 16:11:07.228] [WARN] access - GET /api/v1/user
[2017-05-24 16:11:24.074] [WARN] access - GET /api/v1/user
[2017-05-24 16:11:24.105] [WARN] access - GET /api/v1/article?
[2017-05-24 16:11:27.739] [WARN] access - GET /api/v1/article?
[2017-05-24 16:11:27.741] [WARN] access - GET /api/v1/user
[2017-05-24 16:11:36.338] [WARN] access - GET /api/v1/article?
[2017-05-24 16:11:37.018] [WARN] access - GET /api/v1/article?
[2017-05-24 16:11:39.650] [WARN] access - GET /api/v1/article?
[2017-05-24 16:11:39.654] [WARN] access - GET /api/v1/user
[2017-05-24 16:12:02.408] [WARN] access - GET /api/v1/article?
[2017-05-24 16:12:02.410] [WARN] access - GET /api/v1/user
[2017-05-24 16:12:22.205] [WARN] access - GET /api/v1/article?
[2017-05-24 16:12:22.207] [WARN] access - GET /api/v1/user
[2017-05-24 16:12:47.001] [WARN] access - GET /api/v1/user
[2017-05-24 16:12:47.010] [WARN] access - GET /api/v1/article?
[2017-05-24 16:12:48.797] [WARN] access - GET /api/v1/user
[2017-05-24 16:12:48.867] [WARN] access - GET /api/v1/article?
[2017-05-24 16:12:53.209] [WARN] access - GET /api/v1/user
[2017-05-24 16:12:53.213] [WARN] access - GET /api/v1/article?
[2017-05-24 16:13:11.206] [WARN] access - GET /api/v1/user
[2017-05-24 16:13:11.260] [WARN] access - GET /api/v1/article?
[2017-05-24 16:13:21.033] [WARN] access - GET /api/v1/user
[2017-05-24 16:13:21.035] [WARN] access - GET /api/v1/article?
[2017-05-24 16:13:34.769] [WARN] access - GET /api/v1/user
[2017-05-24 16:13:34.771] [WARN] access - GET /api/v1/article?
[2017-05-24 16:14:12.082] [WARN] access - GET /api/v1/user
[2017-05-24 16:14:12.084] [ERROR] access - GET /api/v1/archive?
[2017-05-24 16:14:32.391] [ERROR] access - GET /api/v1/archive?
[2017-05-24 16:14:32.391] [WARN] access - GET /api/v1/user
[2017-05-24 16:52:39.141] [ERROR] access - GET /api/v1/archive?
[2017-05-24 16:52:39.336] [WARN] access - GET /api/v1/user
[2017-05-24 16:52:57.746] [ERROR] access - GET /api/v1/archive?
[2017-05-24 16:52:57.749] [WARN] access - GET /api/v1/user
[2017-05-24 16:53:19.767] [WARN] access - GET /api/v1/user
[2017-05-24 16:53:19.842] [WARN] access - GET /api/v1/user
[2017-05-24 16:53:19.879] [WARN] access - GET /api/v1/article?
[2017-05-24 16:53:22.520] [WARN] access - GET /api/v1/keyword
[2017-05-24 16:55:37.842] [ERROR] access - POST /api/v1/article
