[2017-05-24 17:06:26.641] [ERROR] access - POST /api/v1/article
[2017-05-24 17:28:31.346] [INFO] access - POST /api/v1/article
[2017-05-24 17:32:05.383] [INFO] access - POST /api/v1/article
[2017-05-24 17:34:28.834] [ERROR] access - GET /api/v1/archive?
[2017-05-24 17:34:28.837] [WARN] access - GET /api/v1/user
[2017-05-24 17:34:32.232] [ERROR] access - GET /api/v1/archive?
[2017-05-24 17:34:32.238] [WARN] access - GET /api/v1/user
[2017-05-24 17:36:00.025] [ERROR] access - GET /api/v1/archive?
[2017-05-24 17:36:00.303] [WARN] access - GET /api/v1/user
[2017-05-24 17:38:39.917] [ERROR] access - GET /api/v1/archive?
[2017-05-24 17:38:40.140] [WARN] access - GET /api/v1/user
[2017-05-24 17:39:03.262] [ERROR] access - GET /api/v1/archive?
[2017-05-24 17:41:35.310] [ERROR] access - GET /api/v1/archive?
[2017-05-24 17:41:35.506] [WARN] access - GET /api/v1/user
[2017-05-24 17:42:43.031] [WARN] access - GET /api/v1/user
[2017-05-24 17:42:43.032] [ERROR] access - GET /api/v1/timeline?
[2017-05-24 17:43:16.012] [ERROR] access - GET /api/v1/timeline?
[2017-05-24 17:43:16.225] [WARN] access - GET /api/v1/user
[2017-05-24 17:43:34.975] [INFO] access - GET /api/v1/timeline?
[2017-05-24 17:43:38.299] [INFO] access - GET /api/v1/article?
[2017-05-24 17:43:38.836] [WARN] access - GET /api/v1/timeline?
[2017-05-24 17:43:40.821] [WARN] access - GET /api/v1/timeline?
[2017-05-24 17:43:40.826] [WARN] access - GET /api/v1/user
[2017-05-24 17:44:29.442] [WARN] access - GET /api/v1/timeline?
[2017-05-24 17:44:29.447] [WARN] access - GET /api/v1/user
[2017-05-24 17:45:50.683] [WARN] access - GET /api/v1/user
[2017-05-24 17:45:50.783] [WARN] access - GET /api/v1/user
[2017-05-24 17:45:50.872] [WARN] access - GET /api/v1/article?
[2017-05-24 17:45:56.942] [INFO] access - DELETE /api/v1/article/59254a89c908bfeea5a52aa6
[2017-05-24 17:45:59.010] [INFO] access - DELETE /api/v1/article/59254d12c98c26ef9fe23b12
[2017-05-24 17:46:00.658] [INFO] access - DELETE /api/v1/article/59254d8a5e6a6aefc8a759b5
[2017-05-24 17:46:02.227] [INFO] access - DELETE /api/v1/article/59254dab5e6a6aefc8a759b6
[2017-05-24 17:46:03.667] [INFO] access - DELETE /api/v1/article/59254dcd4c4a71efea0f4eec
[2017-05-24 17:46:05.060] [INFO] access - DELETE /api/v1/article/59254de70e5174effc8598dc
[2017-05-24 17:46:06.372] [INFO] access - DELETE /api/v1/article/59254e116e7c7ef0156522c1
[2017-05-24 17:46:07.994] [INFO] access - DELETE /api/v1/article/59254e324a02a6f02a8dd4a1
[2017-05-24 17:46:09.502] [INFO] access - DELETE /api/v1/article/59254e64f52061f03f4b31db
[2017-05-24 17:46:10.784] [INFO] access - DELETE /api/v1/article/59254edcf52061f03f4b31dc
[2017-05-24 17:46:12.202] [INFO] access - DELETE /api/v1/article/592550d490d7ddf0a63d8f30
[2017-05-24 17:46:13.450] [INFO] access - DELETE /api/v1/article/592550ff6ba5cbf0be8f8baf
[2017-05-24 17:46:15.181] [INFO] access - DELETE /api/v1/article/5925517bf6d1f4f0fa407358
[2017-05-24 17:46:16.698] [INFO] access - DELETE /api/v1/article/5925519dc5c793f110a48012
[2017-05-24 17:46:18.057] [INFO] access - DELETE /api/v1/article/592551b28720e7f129e52f43
[2017-05-24 17:46:20.836] [INFO] access - DELETE /api/v1/article/592551ebcaeae8f1443097c7
[2017-05-24 17:46:24.099] [INFO] access - DELETE /api/v1/article/592551fc5cb153f1543ce2a3
[2017-05-24 17:46:27.011] [INFO] access - DELETE /api/v1/article/5925522027b182f1699d009e
[2017-05-24 17:46:29.836] [INFO] access - DELETE /api/v1/article/5925522227b182f1699d009f
[2017-05-24 17:46:31.509] [INFO] access - DELETE /api/v1/article/5925523f296d8df17cc16963
[2017-05-24 17:46:33.825] [INFO] access - DELETE /api/v1/article/59255315296d8df17cc16966
[2017-05-24 17:46:35.162] [WARN] access - GET /api/v1/keyword
[2017-05-24 17:47:00.785] [INFO] access - POST /api/v1/article
[2017-05-24 17:47:04.199] [INFO] access - POST /api/v1/article
[2017-05-24 17:47:05.584] [INFO] access - GET /api/v1/article?
[2017-05-24 17:47:08.106] [INFO] access - GET /api/v1/timeline?
[2017-05-24 17:47:08.109] [WARN] access - GET /api/v1/user
[2017-05-24 17:48:33.190] [WARN] access - GET /api/v1/user
[2017-05-24 17:48:33.266] [WARN] access - GET /api/v1/user
[2017-05-24 17:48:33.308] [WARN] access - GET /api/v1/article?
[2017-05-24 17:48:37.258] [INFO] access - DELETE /api/v1/article/59255694f9ae1cf2681dbb0a
[2017-05-24 17:48:39.010] [INFO] access - DELETE /api/v1/article/59255698f9ae1cf2681dbb0c
[2017-05-24 17:48:40.763] [WARN] access - GET /api/v1/keyword
[2017-05-24 17:48:47.554] [WARN] access - GET /api/v1/user
[2017-05-24 17:48:47.719] [WARN] access - GET /api/v1/keyword
[2017-05-24 17:49:12.624] [INFO] access - POST /api/v1/article
[2017-05-24 17:49:34.424] [INFO] access - POST /api/v1/article
[2017-05-24 17:49:42.542] [INFO] access - POST /api/v1/article
[2017-05-24 17:50:34.942] [INFO] access - POST /api/v1/article
[2017-05-24 17:50:39.367] [INFO] access - POST /api/v1/article
[2017-05-24 17:53:50.869] [INFO] access - POST /api/v1/article
[2017-05-24 17:54:01.864] [INFO] access - POST /api/v1/article
[2017-05-24 17:58:03.284] [INFO] access - POST /api/v1/article
[2017-05-24 17:58:07.875] [INFO] access - POST /api/v1/article
[2017-05-24 17:58:53.396] [WARN] access - GET /api/v1/user
[2017-05-24 17:58:53.555] [WARN] access - GET /api/v1/keyword
[2017-05-24 17:58:55.032] [INFO] access - GET /api/v1/article?
[2017-05-24 17:58:59.028] [INFO] access - DELETE /api/v1/article/59255839be909cf30f74a197
[2017-05-24 17:59:00.639] [INFO] access - DELETE /api/v1/article/5925592bb6bbdbf346b7c841
[2017-05-24 17:59:02.178] [INFO] access - DELETE /api/v1/article/5925592fb6bbdbf346b7c843
[2017-05-24 17:59:04.500] [INFO] access - DELETE /api/v1/article/59255949b6bbdbf346b7c845
[2017-05-24 17:59:06.785] [INFO] access - DELETE /api/v1/article/5925594db6bbdbf346b7c846
[2017-05-24 17:59:09.544] [INFO] access - DELETE /api/v1/article/5925582ebe909cf30f74a194
[2017-05-24 17:59:11.407] [INFO] access - DELETE /api/v1/article/5925576fbd0438f2db618c04
[2017-05-24 17:59:13.043] [INFO] access - DELETE /api/v1/article/5925576abd0438f2db618c01
[2017-05-24 17:59:14.784] [INFO] access - DELETE /api/v1/article/592557361e0413f2bd0d5d63
[2017-05-24 17:59:17.072] [INFO] access - DELETE /api/v1/article/5925572e1e0413f2bd0d5d61
[2017-05-24 17:59:19.314] [INFO] access - DELETE /api/v1/article/59255718f9ae1cf2681dbb0e
[2017-05-24 17:59:21.148] [WARN] access - GET /api/v1/keyword
