[2017-05-24 20:36:03.931] [WARN] access - GET /api/v1/timeline?
[2017-05-24 20:36:40.040] [WARN] access - GET /api/v1/timeline?
[2017-05-24 20:36:41.846] [WARN] access - GET /api/v1/timeline?
[2017-05-24 20:36:41.848] [WARN] access - GET /api/v1/user
[2017-05-24 20:37:17.254] [WARN] access - GET /api/v1/timeline?
[2017-05-24 20:37:17.256] [WARN] access - GET /api/v1/user
[2017-05-24 20:37:20.872] [WARN] access - GET /api/v1/timeline?
[2017-05-24 20:37:20.874] [WARN] access - GET /api/v1/user
[2017-05-24 20:37:21.910] [WARN] access - GET /api/v1/article?
[2017-05-24 20:37:24.309] [WARN] access - GET /api/v1/user
[2017-05-24 20:37:24.314] [WARN] access - GET /api/v1/article?
[2017-05-24 20:37:35.790] [WARN] access - GET /api/v1/timeline?
[2017-05-24 20:38:16.565] [WARN] access - GET /api/v1/timeline?
[2017-05-24 20:38:16.566] [WARN] access - GET /api/v1/user
[2017-05-24 20:38:35.279] [WARN] access - GET /api/v1/timeline?
[2017-05-24 20:38:35.284] [WARN] access - GET /api/v1/user
[2017-05-24 20:38:37.159] [INFO] access - GET /api/v1/article?_id=5925686707ba06f6c4487fcf
[2017-05-24 20:38:40.531] [WARN] access - GET /api/v1/timeline?
[2017-05-24 20:38:44.019] [WARN] access - GET /api/v1/user
[2017-05-24 20:38:44.021] [WARN] access - GET /api/v1/timeline?
[2017-05-24 20:38:49.006] [WARN] access - GET /api/v1/timeline?
[2017-05-24 20:38:50.767] [INFO] access - GET /api/v1/article?_id=59255e91ca9134f473cab690
[2017-05-24 20:38:54.835] [WARN] access - GET /api/v1/timeline?
[2017-05-24 20:38:56.288] [WARN] access - GET /api/v1/article?_id=59255e91ca9134f473cab690
[2017-05-24 20:38:59.272] [WARN] access - GET /api/v1/article?
[2017-05-24 20:39:02.269] [WARN] access - GET /api/v1/user
[2017-05-24 20:39:02.271] [WARN] access - GET /api/v1/article?
[2017-05-24 20:39:03.840] [INFO] access - GET /api/v1/article?_id=591518de5438df8de29ddd5c
[2017-05-24 20:39:09.375] [WARN] access - GET /api/v1/article?_id=5916987d5438df8de29ddd5e
[2017-05-24 20:39:12.264] [INFO] access - GET /api/v1/article?_id=59169f8524f2b5a1664d7bfa
[2017-05-24 20:39:15.217] [WARN] access - GET /api/v1/user
[2017-05-24 20:39:15.219] [WARN] access - GET /api/v1/article?_id=59169f8524f2b5a1664d7bfa
[2017-05-24 20:39:17.928] [WARN] access - GET /api/v1/article?_id=59169f8524f2b5a1664d7bfa
[2017-05-24 20:39:17.929] [WARN] access - GET /api/v1/user
[2017-05-24 20:39:51.574] [WARN] access - GET /api/v1/article?_id=59169f8524f2b5a1664d7bfa
[2017-05-24 20:39:51.575] [WARN] access - GET /api/v1/user
[2017-05-24 20:40:11.649] [WARN] access - GET /api/v1/user
[2017-05-24 20:40:11.651] [WARN] access - GET /api/v1/article?_id=59169f8524f2b5a1664d7bfa
[2017-05-24 20:40:15.365] [WARN] access - GET /api/v1/article?_id=59169f8524f2b5a1664d7bfa
[2017-05-24 20:40:15.368] [WARN] access - GET /api/v1/user
[2017-05-24 20:40:21.069] [WARN] access - GET /api/v1/user
[2017-05-24 20:40:21.077] [WARN] access - GET /api/v1/article?_id=59169f8524f2b5a1664d7bfa
[2017-05-24 20:40:22.083] [WARN] access - GET /api/v1/timeline?
[2017-05-24 20:40:22.096] [WARN] access - GET /api/v1/timeline?
[2017-05-24 20:40:22.107] [WARN] access - GET /api/v1/timeline?
[2017-05-24 20:40:31.443] [WARN] access - GET /api/v1/timeline?
[2017-05-24 20:40:31.445] [WARN] access - GET /api/v1/user
[2017-05-24 20:40:33.538] [WARN] access - GET /api/v1/article?
[2017-05-24 20:40:34.264] [WARN] access - GET /api/v1/timeline?
[2017-05-24 20:40:35.571] [WARN] access - GET /api/v1/article?_id=59255e91ca9134f473cab690
[2017-05-24 20:40:37.865] [WARN] access - GET /api/v1/timeline?
[2017-05-24 20:40:39.787] [WARN] access - GET /api/v1/article?_id=59255e91ca9134f473cab690
[2017-05-24 20:40:42.373] [WARN] access - GET /api/v1/timeline?
[2017-05-24 20:40:43.842] [WARN] access - GET /api/v1/article?_id=5925686707ba06f6c4487fcf
[2017-05-24 20:40:45.961] [WARN] access - GET /api/v1/timeline?
[2017-05-24 20:40:46.611] [WARN] access - GET /api/v1/article?
[2017-05-24 20:40:47.222] [WARN] access - GET /api/v1/timeline?
[2017-05-24 20:40:48.558] [WARN] access - GET /api/v1/article?_id=59255e91ca9134f473cab690
[2017-05-24 20:40:52.088] [WARN] access - GET /api/v1/timeline?
[2017-05-24 20:40:53.934] [INFO] access - GET /api/v1/article?_id=5925686c07ba06f6c4487fd2
[2017-05-24 20:40:56.512] [WARN] access - GET /api/v1/article?
[2017-05-24 20:40:57.117] [WARN] access - GET /api/v1/timeline?
[2017-05-24 20:40:57.967] [WARN] access - GET /api/v1/article?
[2017-05-24 20:40:58.618] [WARN] access - GET /api/v1/timeline?
[2017-05-24 20:41:26.748] [WARN] access - GET /api/v1/timeline?
[2017-05-24 20:41:28.153] [WARN] access - GET /api/v1/timeline?
[2017-05-24 20:41:28.943] [WARN] access - GET /api/v1/article?
[2017-05-24 20:41:29.646] [WARN] access - GET /api/v1/timeline?
[2017-05-24 20:41:36.293] [WARN] access - GET /api/v1/timeline?
[2017-05-24 20:41:37.043] [WARN] access - GET /api/v1/article?
[2017-05-24 20:41:37.749] [WARN] access - GET /api/v1/timeline?
[2017-05-24 20:41:38.534] [WARN] access - GET /api/v1/article?
[2017-05-24 20:41:41.988] [WARN] access - GET /api/v1/user
[2017-05-24 20:41:42.018] [WARN] access - GET /api/v1/article?_id=591518de5438df8de29ddd5c
[2017-05-24 20:41:46.573] [WARN] access - GET /api/v1/keyword
[2017-05-24 20:41:49.666] [WARN] access - GET /api/v1/article?
[2017-05-24 20:41:51.637] [WARN] access - GET /api/v1/keyword
[2017-05-24 20:41:52.371] [WARN] access - GET /api/v1/media?
[2017-05-24 20:41:52.442] [WARN] access - GET /public/media/undefined/5914b05bfde0fa86f07760ed-red_poppy_golden_wheat_field-wallpaper-3554x1999.jpg
[2017-05-24 20:41:52.443] [WARN] access - GET /public/media/undefined/5914bc807b44ac89679a8c85-story-wallpaper-2880x1620.jpg
[2017-05-24 20:41:52.445] [WARN] access - GET /public/media/undefined/5916790b5438df8de29ddd5d-df23af338f74b687a8d8b90ec8f1ca14.gif
[2017-05-24 20:41:53.525] [WARN] access - GET /api/v1/keyword
[2017-05-24 20:41:54.410] [WARN] access - GET /api/v1/media?
[2017-05-24 20:41:56.025] [WARN] access - GET /api/v1/keyword
[2017-05-24 20:41:57.974] [WARN] access - GET /api/v1/article?
[2017-05-24 20:41:58.704] [WARN] access - GET /api/v1/keyword
[2017-05-24 20:41:59.411] [WARN] access - GET /api/v1/article?
[2017-05-24 20:42:03.264] [WARN] access - GET /api/v1/user
[2017-05-24 20:42:03.892] [WARN] access - GET /api/v1/timeline?
[2017-05-24 20:42:10.069] [WARN] access - GET /api/v1/timeline?
[2017-05-24 20:42:17.897] [WARN] access - GET /api/v1/user
[2017-05-24 20:42:17.931] [WARN] access - GET /api/v1/user
[2017-05-24 20:42:17.952] [WARN] access - GET /api/v1/article?
[2017-05-24 20:42:36.322] [WARN] access - GET /api/v1/keyword
[2017-05-24 20:42:36.987] [WARN] access - GET /api/v1/media?
[2017-05-24 20:42:37.029] [WARN] access - GET /public/media/undefined/5914bc807b44ac89679a8c85-story-wallpaper-2880x1620.jpg
[2017-05-24 20:42:37.031] [WARN] access - GET /public/media/undefined/5914b05bfde0fa86f07760ed-red_poppy_golden_wheat_field-wallpaper-3554x1999.jpg
[2017-05-24 20:42:37.032] [WARN] access - GET /public/media/undefined/5916790b5438df8de29ddd5d-df23af338f74b687a8d8b90ec8f1ca14.gif
[2017-05-24 20:42:38.021] [WARN] access - GET /api/v1/keyword
[2017-05-24 20:42:39.821] [WARN] access - GET /api/v1/user
[2017-05-24 20:42:39.822] [WARN] access - GET /api/v1/timeline?
[2017-05-24 20:42:41.547] [WARN] access - GET /api/v1/timeline?
[2017-05-24 20:42:42.161] [WARN] access - GET /api/v1/article?
[2017-05-24 20:42:42.762] [WARN] access - GET /api/v1/timeline?
[2017-05-24 20:42:50.710] [WARN] access - GET /api/v1/article?
[2017-05-24 20:42:51.366] [WARN] access - GET /api/v1/timeline?
[2017-05-24 20:42:53.197] [WARN] access - GET /api/v1/timeline?
[2017-05-24 20:42:54.488] [WARN] access - GET /api/v1/timeline?
[2017-05-24 20:42:55.062] [WARN] access - GET /api/v1/article?
[2017-05-24 20:42:55.642] [WARN] access - GET /api/v1/timeline?
[2017-05-24 20:42:56.350] [WARN] access - GET /api/v1/article?
[2017-05-24 20:42:56.972] [WARN] access - GET /api/v1/timeline?
[2017-05-24 20:42:57.834] [WARN] access - GET /api/v1/article?
[2017-05-24 20:42:58.477] [WARN] access - GET /api/v1/timeline?
[2017-05-24 20:42:59.288] [WARN] access - GET /api/v1/article?
[2017-05-24 20:43:00.026] [WARN] access - GET /api/v1/timeline?
[2017-05-24 20:43:00.805] [WARN] access - GET /api/v1/article?
[2017-05-24 20:43:01.403] [WARN] access - GET /api/v1/timeline?
[2017-05-24 20:43:02.094] [WARN] access - GET /api/v1/article?
[2017-05-24 20:43:02.780] [WARN] access - GET /api/v1/timeline?
[2017-05-24 20:43:03.623] [WARN] access - GET /api/v1/article?
[2017-05-24 20:43:04.370] [WARN] access - GET /api/v1/timeline?
[2017-05-24 20:43:05.293] [WARN] access - GET /api/v1/article?
[2017-05-24 20:43:05.944] [WARN] access - GET /api/v1/timeline?
[2017-05-24 20:43:06.610] [WARN] access - GET /api/v1/article?
[2017-05-24 20:43:08.209] [WARN] access - GET /api/v1/user
[2017-05-24 20:43:08.265] [WARN] access - GET /api/v1/user
[2017-05-24 20:43:08.288] [WARN] access - GET /api/v1/article?
[2017-05-24 20:43:10.692] [WARN] access - GET /api/v1/keyword
[2017-05-24 20:43:11.297] [WARN] access - GET /api/v1/media?
[2017-05-24 20:43:11.353] [WARN] access - GET /public/media/undefined/5914b05bfde0fa86f07760ed-red_poppy_golden_wheat_field-wallpaper-3554x1999.jpg
[2017-05-24 20:43:11.356] [WARN] access - GET /public/media/undefined/5914bc807b44ac89679a8c85-story-wallpaper-2880x1620.jpg
[2017-05-24 20:43:11.357] [WARN] access - GET /public/media/undefined/5916790b5438df8de29ddd5d-df23af338f74b687a8d8b90ec8f1ca14.gif
[2017-05-24 20:43:13.780] [WARN] access - GET /api/v1/user
[2017-05-24 20:43:13.813] [WARN] access - GET /api/v1/user
[2017-05-24 20:43:13.841] [WARN] access - GET /api/v1/article?
[2017-05-24 20:44:36.566] [WARN] access - GET /api/v1/article?_id=5925686707ba06f6c4487fcf
[2017-05-24 20:44:38.499] [WARN] access - GET /api/v1/article?
[2017-05-24 20:44:40.736] [WARN] access - GET /api/v1/user
[2017-05-24 20:44:40.776] [WARN] access - GET /api/v1/user
[2017-05-24 20:44:40.809] [WARN] access - GET /api/v1/article?
[2017-05-24 20:44:42.708] [WARN] access - GET /api/v1/keyword
[2017-05-24 20:44:43.555] [WARN] access - GET /api/v1/article?
[2017-05-24 20:44:44.243] [WARN] access - GET /api/v1/user
[2017-05-24 20:44:44.260] [WARN] access - GET /api/v1/user
[2017-05-24 20:44:44.271] [WARN] access - GET /api/v1/article?
[2017-05-24 20:44:44.939] [WARN] access - GET /api/v1/timeline?
[2017-05-24 20:44:45.742] [WARN] access - GET /api/v1/article?
[2017-05-24 20:44:46.757] [WARN] access - GET /api/v1/article?_id=591518de5438df8de29ddd5c
[2017-05-24 20:44:54.356] [WARN] access - GET /api/v1/timeline?
[2017-05-24 20:44:55.705] [INFO] access - GET /api/v1/article?_id=59255e96ca9134f473cab693
[2017-05-24 20:46:19.740] [WARN] access - GET /api/v1/user
[2017-05-24 20:46:19.743] [WARN] access - GET /api/v1/article?_id=59255e96ca9134f473cab693
[2017-05-24 20:46:21.915] [WARN] access - GET /api/v1/user
[2017-05-24 20:46:21.926] [WARN] access - GET /api/v1/article?_id=59255e96ca9134f473cab693
[2017-05-24 20:46:37.652] [WARN] access - GET /api/v1/timeline?
[2017-05-24 20:46:38.224] [WARN] access - GET /api/v1/article?
[2017-05-24 20:46:39.288] [WARN] access - GET /api/v1/article?_id=591518de5438df8de29ddd5c
[2017-05-24 20:46:44.726] [WARN] access - GET /api/v1/timeline?
[2017-05-24 20:47:00.905] [WARN] access - GET /api/v1/article?
[2017-05-24 20:47:01.488] [WARN] access - GET /api/v1/timeline?
[2017-05-24 20:47:02.923] [WARN] access - GET /api/v1/article?_id=5925686707ba06f6c4487fcf
[2017-05-24 20:47:04.306] [WARN] access - GET /api/v1/article?
[2017-05-24 20:47:04.902] [WARN] access - GET /api/v1/timeline?
[2017-05-24 20:47:12.178] [WARN] access - GET /api/v1/user
[2017-05-24 20:47:12.213] [WARN] access - GET /api/v1/user
[2017-05-24 20:47:12.245] [WARN] access - GET /api/v1/article?
